<?xml version="1.0" encoding="UTF-8"?>
<!-- Generated by org.testng.reporters.JUnitXMLReporter -->
<testsuite ignored="2" hostname="DESKTOP-5OSSNT7" failures="0" tests="1" name="Test2" time="26.697" errors="0" timestamp="2022-10-06T20:54:14 IST">
  <testcase classname="testengine.BasicAssertion2usingbrowser" name="loginButtonBgColorValidation" time="0.199"/>
  <testcase classname="testengine.BasicAssertion2usingbrowser" name="remembermeCheckBoxValidation" time="0.0">
    <ignored/>
  </testcase> <!-- remembermeCheckBoxValidation -->
  <testcase classname="testengine.BasicAssertion2usingbrowser" name="loginButtonTextValidation" time="0.0">
    <ignored/>
  </testcase> <!-- loginButtonTextValidation -->
</testsuite> <!-- Test2 -->
