<?xml version="1.0" encoding="UTF-8"?>
<!-- Generated by org.testng.reporters.JUnitXMLReporter -->
<testsuite ignored="0" hostname="DESKTOP-5OSSNT7" failures="1" tests="1" name="assignment test" time="20.025" errors="0" timestamp="2022-10-07T20:48:52 IST">
  <testcase classname="testengine.Assignment66" name="aworkersPage" time="2.068">
    <failure type="java.lang.AssertionError" message="Text is not matching expected [RESET] but found [Reset]">
      <![CDATA[java.lang.AssertionError: Text is not matching expected [RESET] but found [Reset]
at testengine.Assignment66.aworkersPage(Assignment66.java:49)
at java.base/java.util.ArrayList.forEach(ArrayList.java:1511)
... Removed 32 stack frames]]>
    </failure>
  </testcase> <!-- aworkersPage -->
</testsuite> <!-- assignment test -->
