<?xml version="1.0" encoding="UTF-8"?>
<!-- Generated by org.testng.reporters.JUnitXMLReporter -->
<testsuite ignored="6" hostname="DESKTOP-5OSSNT7" failures="0" tests="3" name="My Test Suite" time="0.109" errors="0" timestamp="2022-10-06T09:44:52 IST">
  <testcase classname="testengine.Home_loan" name="MobileLoginHomeLoan" time="0.012"/>
  <testcase classname="testengine.Car_loan" name="APILoginCarLoan" time="0.003"/>
  <testcase classname="testengine.Personal_loan" name="WebLoginPersonalLoan" time="0.002"/>
  <testcase classname="testengine.Home_loan" name="WebLoginHomeLoan" time="0.0">
    <ignored/>
  </testcase> <!-- WebLoginHomeLoan -->
  <testcase classname="testengine.Personal_loan" name="APILoginPersonalLoan" time="0.0">
    <ignored/>
  </testcase> <!-- APILoginPersonalLoan -->
  <testcase classname="testengine.Personal_loan" name="MobileLoginPersonalLoan" time="0.0">
    <ignored/>
  </testcase> <!-- MobileLoginPersonalLoan -->
  <testcase classname="testengine.Home_loan" name="APILoginHomeLoan" time="0.0">
    <ignored/>
  </testcase> <!-- APILoginHomeLoan -->
  <testcase classname="testengine.Car_loan" name="MobileLoginCarLoan" time="0.0">
    <ignored/>
  </testcase> <!-- MobileLoginCarLoan -->
  <testcase classname="testengine.Car_loan" name="WebLoginCarLoan" time="0.0">
    <ignored/>
  </testcase> <!-- WebLoginCarLoan -->
</testsuite> <!-- My Test Suite -->
